<?xml version="1.0" encoding="UTF-8"?>
<!-- Generated by org.testng.reporters.JUnitReportReporter -->
<testsuite hostname="LAPTOP-HAN9NHLH" failures="0" tests="2" name="Turtletestpkg.Turtletestcls" time="55.943" errors="0" timestamp="2024-06-14T14:40:59 IST" skipped="0">
  <testcase classname="Turtletestpkg.Turtletestcls" name="popuptest" time="22.426"/>
  <testcase classname="Turtletestpkg.Turtletestcls" name="logintest" time="33.517"/>
</testsuite> <!-- Turtletestpkg.Turtletestcls -->
